<?xml version="1.0" encoding="UTF-8"?>
<!-- Generated by org.testng.reporters.JUnitReportReporter -->
<testsuite hostname="Tanishka" failures="0" tests="1" name="test.Logintest" time="17.173" errors="0" timestamp="2023-07-19T16:48:26 IST" skipped="0">
  <testcase classname="test.Logintest" name="login" time="17.173"/>
</testsuite> <!-- test.Logintest -->
