<?xml version="1.0" encoding="UTF-8"?>
<!-- Generated by org.testng.reporters.JUnitReportReporter -->
<testsuite hostname="Tanishka" failures="0" tests="1" name="test.Onetest" time="13.760" errors="0" timestamp="2023-07-19T16:48:26 IST" skipped="0">
  <testcase classname="test.Onetest" name="testone" time="13.760"/>
</testsuite> <!-- test.Onetest -->
