<?xml version="1.0" encoding="UTF-8"?>
<!-- Generated by org.testng.reporters.JUnitReportReporter -->
<testsuite hostname="Tanishka" failures="0" tests="1" name="test.Onetest" time="0.000" errors="0" timestamp="2023-07-17T19:19:23 IST" skipped="0">
  <testcase classname="test.Onetest" name="testone" time="0.000"/>
</testsuite> <!-- test.Onetest -->
