<?xml version="1.0" encoding="UTF-8"?>
<!-- Generated by org.testng.reporters.JUnitReportReporter -->
<testsuite hostname="Tanishka" failures="0" tests="1" name="test.Threetest" time="0.006" errors="0" timestamp="2023-07-17T19:19:23 IST" skipped="0">
  <testcase classname="test.Threetest" name="testthree" time="0.006"/>
</testsuite> <!-- test.Threetest -->
