<?xml version="1.0" encoding="UTF-8"?>
<!-- Generated by org.testng.reporters.JUnitReportReporter -->
<testsuite hostname="Tanishka" failures="0" tests="2" name="test.Logintest" time="40.666" errors="0" timestamp="2023-07-17T19:19:23 IST" skipped="0">
  <testcase classname="test.Logintest" name="login" time="30.462"/>
  <testcase classname="test.Logintest" name="login" time="10.204"/>
</testsuite> <!-- test.Logintest -->
